<?xml version="1.0" encoding="UTF-8"?>
<!-- Generated by org.testng.reporters.JUnitReportReporter -->
<testsuite hostname="LAPTOP-R4F904C5" failures="0" tests="1" name="test.Testss" time="1.333" errors="0" timestamp="2023-07-12T12:17:35 IST" skipped="0">
  <testcase classname="test.Testss" name="method1" time="1.333"/>
  <system-out/>
</testsuite> <!-- test.Testss -->
